<?xml version="1.0" encoding="UTF-8"?>
<!-- Generated by org.testng.reporters.JUnitReportReporter -->
<testsuite hostname="Juhi_Sanal" failures="0" tests="1" name="CucumberExecutor.TestRunner" time="1.075" errors="0" timestamp="2024-11-09T16:20:18 IST" skipped="0">
  <testcase classname="CucumberExecutor.TestRunner" name="runScenario" time="1.075"/>
  <system-out/>
</testsuite> <!-- CucumberExecutor.TestRunner -->
